[debug] [2021-01-25T14:38:24.680Z] ----------------------------------------------------------------------
[debug] [2021-01-25T14:38:24.689Z] Command:       C:\Program Files\nodejs\node.exe C:\Users\HP\AppData\Roaming\npm\node_modules\firebase-tools\lib\bin\firebase.js emulators:start
[debug] [2021-01-25T14:38:24.692Z] CLI Version:   9.2.2
[debug] [2021-01-25T14:38:24.692Z] Platform:      win32
[debug] [2021-01-25T14:38:24.693Z] Node Version:  v14.6.0
[debug] [2021-01-25T14:38:24.716Z] Time:          Mon Jan 25 2021 20:08:24 GMT+0530 (India Standard Time)
[debug] [2021-01-25T14:38:24.717Z] ----------------------------------------------------------------------
[debug] [2021-01-25T14:38:24.718Z] 
[debug] [2021-01-25T14:38:24.802Z] > command requires scopes: ["email","openid","https://www.googleapis.com/auth/cloudplatformprojects.readonly","https://www.googleapis.com/auth/firebase","https://www.googleapis.com/auth/cloud-platform"]
[debug] [2021-01-25T14:38:24.803Z] > authorizing via signed-in user
[info] i  emulators: Starting emulators: functions {"metadata":{"emulator":{"name":"hub"},"message":"Starting emulators: functions"}}
[warn] !  emulators: It seems that you are running multiple instances of the emulator suite for project clone-3ed8f. This may result in unexpected behavior. 
[debug] [2021-01-25T14:38:26.992Z] [hub] writing locator at C:\Users\HP\AppData\Local\Temp\hub-clone-3ed8f.json
[warn] !  functions: The following emulators are not running, calls to these services from the Functions emulator will affect production: auth, firestore, database, hosting, pubsub {"metadata":{"emulator":{"name":"functions"},"message":"The following emulators are not running, calls to these services from the Functions emulator will affect production: \u001b[1mauth, firestore, database, hosting, pubsub\u001b[22m"}}
[warn] !  Your requested "node" version "12" doesn't match your global version "14" {"metadata":{"emulator":{"name":"functions"},"message":"Your requested \"node\" version \"12\" doesn't match your global version \"14\""}}
[debug] [2021-01-25T14:38:29.256Z] defaultcredentials: writing to file C:\Users\HP\AppData\Roaming\firebase\manishmahto198_gmail_com_application_default_credentials.json
[debug] [2021-01-25T14:38:29.279Z] Setting GAC to C:\Users\HP\AppData\Roaming\firebase\manishmahto198_gmail_com_application_default_credentials.json {"metadata":{"emulator":{"name":"functions"},"message":"Setting GAC to C:\\Users\\HP\\AppData\\Roaming\\firebase\\manishmahto198_gmail_com_application_default_credentials.json"}}
[debug] [2021-01-25T14:38:29.286Z] > refreshing access token with scopes: []
[debug] [2021-01-25T14:38:29.288Z] >>> HTTP REQUEST POST https://www.googleapis.com/oauth2/v3/token  
 <request body omitted>
[debug] [2021-01-25T14:38:29.466Z] <<< HTTP RESPONSE 200 {"cache-control":"no-cache, no-store, max-age=0, must-revalidate","pragma":"no-cache","date":"Mon, 25 Jan 2021 14:38:30 GMT","expires":"Mon, 01 Jan 1990 00:00:00 GMT","content-type":"application/json; charset=utf-8","vary":"X-Origin, Referer, Origin,Accept-Encoding","server":"scaffolding on HTTPServer2","x-xss-protection":"0","x-frame-options":"SAMEORIGIN","x-content-type-options":"nosniff","alt-svc":"h3-29=\":443\"; ma=2592000,h3-T051=\":443\"; ma=2592000,h3-Q050=\":443\"; ma=2592000,h3-Q046=\":443\"; ma=2592000,h3-Q043=\":443\"; ma=2592000,quic=\":443\"; ma=2592000; v=\"46,43\"","accept-ranges":"none","transfer-encoding":"chunked"}
[debug] [2021-01-25T14:38:29.533Z] >>> [apiv2][query] GET https://firebase.googleapis.com/v1beta1/projects/clone-3ed8f/adminSdkConfig [none]
[debug] [2021-01-25T14:38:30.234Z] <<< [apiv2][status] GET https://firebase.googleapis.com/v1beta1/projects/clone-3ed8f/adminSdkConfig 200
[debug] [2021-01-25T14:38:30.235Z] <<< [apiv2][body] GET https://firebase.googleapis.com/v1beta1/projects/clone-3ed8f/adminSdkConfig {"projectId":"clone-3ed8f","storageBucket":"clone-3ed8f.appspot.com","locationId":"us-central"}
[debug] [2021-01-25T14:38:34.434Z] Ignoring unsupported arg: auto_download {"metadata":{"emulator":{"name":"ui"},"message":"Ignoring unsupported arg: auto_download"}}
[debug] [2021-01-25T14:38:34.435Z] Ignoring unsupported arg: port {"metadata":{"emulator":{"name":"ui"},"message":"Ignoring unsupported arg: port"}}
[debug] [2021-01-25T14:38:34.436Z] Starting Emulator UI with command {"binary":"node","args":["C:\\Users\\HP\\.cache\\firebase\\emulators\\ui-v1.4.1\\server.bundle.js"],"optionalArgs":[],"joinArgs":false} {"metadata":{"emulator":{"name":"ui"},"message":"Starting Emulator UI with command {\"binary\":\"node\",\"args\":[\"C:\\\\Users\\\\HP\\\\.cache\\\\firebase\\\\emulators\\\\ui-v1.4.1\\\\server.bundle.js\"],\"optionalArgs\":[],\"joinArgs\":false}"}}
[info] i  ui: Emulator UI logging to ui-debug.log {"metadata":{"emulator":{"name":"ui"},"message":"Emulator UI logging to \u001b[1mui-debug.log\u001b[22m"}}
[debug] [2021-01-25T14:38:39.683Z] Web / API server started at http://localhost:4000
 {"metadata":{"emulator":{"name":"ui"},"message":"Web / API server started at http://localhost:4000\n"}}
[info] i  functions: Watching "C:\Users\HP\Desktop\react_hiteshSir\amazon-clone\functions" for Cloud Functions... {"metadata":{"emulator":{"name":"functions"},"message":"Watching \"C:\\Users\\HP\\Desktop\\react_hiteshSir\\amazon-clone\\functions\" for Cloud Functions..."}}
[debug] [2021-01-25T14:38:40.091Z] [worker-pool] addWorker(~diagnostic~) {"metadata":{"emulator":{"name":"functions"},"message":"[worker-pool] addWorker(~diagnostic~)"}}
[debug] [2021-01-25T14:38:40.092Z] [worker-pool] Adding worker with key ~diagnostic~, total=1 {"metadata":{"emulator":{"name":"functions"},"message":"[worker-pool] Adding worker with key ~diagnostic~, total=1"}}
[debug] [2021-01-25T14:38:40.093Z] [worker-pool] submitWork(triggerId=) {"metadata":{"emulator":{"name":"functions"},"message":"[worker-pool] submitWork(triggerId=)"}}
[debug] [2021-01-25T14:38:40.096Z] [worker-~diagnostic~-6afaf7f0-78a5-45cc-b720-7423f04e6058]: Assigning socketPath: \\?\pipe\C:\Users\HP\Desktop\react_hiteshSir\amazon-clone\functions\8688 {"metadata":{"emulator":{"name":"functions"},"message":"[worker-~diagnostic~-6afaf7f0-78a5-45cc-b720-7423f04e6058]: Assigning socketPath: \\\\?\\pipe\\C:\\Users\\HP\\Desktop\\react_hiteshSir\\amazon-clone\\functions\\8688"}}
[debug] [2021-01-25T14:38:40.098Z] [worker-~diagnostic~-6afaf7f0-78a5-45cc-b720-7423f04e6058]: BUSY {"metadata":{"emulator":{"name":"functions"},"message":"[worker-~diagnostic~-6afaf7f0-78a5-45cc-b720-7423f04e6058]: BUSY"}}
[debug] [2021-01-25T14:38:40.514Z] [runtime-status] [8688] Functions runtime initialized. {"cwd":"C:\\Users\\HP\\Desktop\\react_hiteshSir\\amazon-clone\\functions","node_version":"14.6.0"} {"metadata":{"emulator":{"name":"functions"},"message":"[runtime-status] [8688] Functions runtime initialized. {\"cwd\":\"C:\\\\Users\\\\HP\\\\Desktop\\\\react_hiteshSir\\\\amazon-clone\\\\functions\",\"node_version\":\"14.6.0\"}"}}
[debug] [2021-01-25T14:38:40.517Z] [runtime-status] [8688] Disabled runtime features: undefined {"metadata":{"emulator":{"name":"functions"},"message":"[runtime-status] [8688] Disabled runtime features: undefined"}}
[debug] [2021-01-25T14:38:40.524Z] [runtime-status] [8688] Resolved module firebase-admin {"declared":true,"installed":true,"version":"9.4.2","resolution":"C:\\Users\\HP\\Desktop\\react_hiteshSir\\amazon-clone\\functions\\node_modules\\firebase-admin\\lib\\index.js"} {"metadata":{"emulator":{"name":"functions"},"message":"[runtime-status] [8688] Resolved module firebase-admin {\"declared\":true,\"installed\":true,\"version\":\"9.4.2\",\"resolution\":\"C:\\\\Users\\\\HP\\\\Desktop\\\\react_hiteshSir\\\\amazon-clone\\\\functions\\\\node_modules\\\\firebase-admin\\\\lib\\\\index.js\"}"}}
[debug] [2021-01-25T14:38:40.527Z] [runtime-status] [8688] Resolved module firebase-functions {"declared":true,"installed":true,"version":"3.13.1","resolution":"C:\\Users\\HP\\Desktop\\react_hiteshSir\\amazon-clone\\functions\\node_modules\\firebase-functions\\lib\\index.js"} {"metadata":{"emulator":{"name":"functions"},"message":"[runtime-status] [8688] Resolved module firebase-functions {\"declared\":true,\"installed\":true,\"version\":\"3.13.1\",\"resolution\":\"C:\\\\Users\\\\HP\\\\Desktop\\\\react_hiteshSir\\\\amazon-clone\\\\functions\\\\node_modules\\\\firebase-functions\\\\lib\\\\index.js\"}"}}
[debug] [2021-01-25T14:38:40.531Z] [runtime-status] [8688] Resolved module firebase-functions {"declared":true,"installed":true,"version":"3.13.1","resolution":"C:\\Users\\HP\\Desktop\\react_hiteshSir\\amazon-clone\\functions\\node_modules\\firebase-functions\\lib\\index.js"} {"metadata":{"emulator":{"name":"functions"},"message":"[runtime-status] [8688] Resolved module firebase-functions {\"declared\":true,\"installed\":true,\"version\":\"3.13.1\",\"resolution\":\"C:\\\\Users\\\\HP\\\\Desktop\\\\react_hiteshSir\\\\amazon-clone\\\\functions\\\\node_modules\\\\firebase-functions\\\\lib\\\\index.js\"}"}}
[debug] [2021-01-25T14:38:40.535Z] [runtime-status] [8688] Outgoing network have been stubbed. [{"name":"http","status":"mocked"},{"name":"http","status":"mocked"},{"name":"https","status":"mocked"},{"name":"https","status":"mocked"},{"name":"net","status":"mocked"}] {"metadata":{"emulator":{"name":"functions"},"message":"[runtime-status] [8688] Outgoing network have been stubbed. [{\"name\":\"http\",\"status\":\"mocked\"},{\"name\":\"http\",\"status\":\"mocked\"},{\"name\":\"https\",\"status\":\"mocked\"},{\"name\":\"https\",\"status\":\"mocked\"},{\"name\":\"net\",\"status\":\"mocked\"}]"}}
[debug] [2021-01-25T14:38:40.536Z] [runtime-status] [8688] Resolved module firebase-functions {"declared":true,"installed":true,"version":"3.13.1","resolution":"C:\\Users\\HP\\Desktop\\react_hiteshSir\\amazon-clone\\functions\\node_modules\\firebase-functions\\lib\\index.js"} {"metadata":{"emulator":{"name":"functions"},"message":"[runtime-status] [8688] Resolved module firebase-functions {\"declared\":true,\"installed\":true,\"version\":\"3.13.1\",\"resolution\":\"C:\\\\Users\\\\HP\\\\Desktop\\\\react_hiteshSir\\\\amazon-clone\\\\functions\\\\node_modules\\\\firebase-functions\\\\lib\\\\index.js\"}"}}
[debug] [2021-01-25T14:38:40.625Z] [runtime-status] [8688] Checked functions.config() {"config":{}} {"metadata":{"emulator":{"name":"functions"},"message":"[runtime-status] [8688] Checked functions.config() {\"config\":{}}"}}
[debug] [2021-01-25T14:38:40.625Z] [runtime-status] [8688] firebase-functions has been stubbed. {"functionsResolution":{"declared":true,"installed":true,"version":"3.13.1","resolution":"C:\\Users\\HP\\Desktop\\react_hiteshSir\\amazon-clone\\functions\\node_modules\\firebase-functions\\lib\\index.js"}} {"metadata":{"emulator":{"name":"functions"},"message":"[runtime-status] [8688] firebase-functions has been stubbed. {\"functionsResolution\":{\"declared\":true,\"installed\":true,\"version\":\"3.13.1\",\"resolution\":\"C:\\\\Users\\\\HP\\\\Desktop\\\\react_hiteshSir\\\\amazon-clone\\\\functions\\\\node_modules\\\\firebase-functions\\\\lib\\\\index.js\"}}"}}
[debug] [2021-01-25T14:38:40.626Z] [runtime-status] [8688] Resolved module firebase-functions {"declared":true,"installed":true,"version":"3.13.1","resolution":"C:\\Users\\HP\\Desktop\\react_hiteshSir\\amazon-clone\\functions\\node_modules\\firebase-functions\\lib\\index.js"} {"metadata":{"emulator":{"name":"functions"},"message":"[runtime-status] [8688] Resolved module firebase-functions {\"declared\":true,\"installed\":true,\"version\":\"3.13.1\",\"resolution\":\"C:\\\\Users\\\\HP\\\\Desktop\\\\react_hiteshSir\\\\amazon-clone\\\\functions\\\\node_modules\\\\firebase-functions\\\\lib\\\\index.js\"}"}}
[debug] [2021-01-25T14:38:40.628Z] [runtime-status] [8688] Resolved module firebase-admin {"declared":true,"installed":true,"version":"9.4.2","resolution":"C:\\Users\\HP\\Desktop\\react_hiteshSir\\amazon-clone\\functions\\node_modules\\firebase-admin\\lib\\index.js"} {"metadata":{"emulator":{"name":"functions"},"message":"[runtime-status] [8688] Resolved module firebase-admin {\"declared\":true,\"installed\":true,\"version\":\"9.4.2\",\"resolution\":\"C:\\\\Users\\\\HP\\\\Desktop\\\\react_hiteshSir\\\\amazon-clone\\\\functions\\\\node_modules\\\\firebase-admin\\\\lib\\\\index.js\"}"}}
[debug] [2021-01-25T14:38:40.629Z] [runtime-status] [8688] Resolved module firebase-functions {"declared":true,"installed":true,"version":"3.13.1","resolution":"C:\\Users\\HP\\Desktop\\react_hiteshSir\\amazon-clone\\functions\\node_modules\\firebase-functions\\lib\\index.js"} {"metadata":{"emulator":{"name":"functions"},"message":"[runtime-status] [8688] Resolved module firebase-functions {\"declared\":true,\"installed\":true,\"version\":\"3.13.1\",\"resolution\":\"C:\\\\Users\\\\HP\\\\Desktop\\\\react_hiteshSir\\\\amazon-clone\\\\functions\\\\node_modules\\\\firebase-functions\\\\lib\\\\index.js\"}"}}
[debug] [2021-01-25T14:38:40.630Z] [runtime-status] [8688] firebase-admin has been stubbed. {"adminResolution":{"declared":true,"installed":true,"version":"9.4.2","resolution":"C:\\Users\\HP\\Desktop\\react_hiteshSir\\amazon-clone\\functions\\node_modules\\firebase-admin\\lib\\index.js"}} {"metadata":{"emulator":{"name":"functions"},"message":"[runtime-status] [8688] firebase-admin has been stubbed. {\"adminResolution\":{\"declared\":true,\"installed\":true,\"version\":\"9.4.2\",\"resolution\":\"C:\\\\Users\\\\HP\\\\Desktop\\\\react_hiteshSir\\\\amazon-clone\\\\functions\\\\node_modules\\\\firebase-admin\\\\lib\\\\index.js\"}}"}}
[info] +  functions[api]: http function initialized (http://localhost:5001/clone-3ed8f/us-central1/api). {"metadata":{"emulator":{"name":"functions"},"message":"\u001b[1mhttp\u001b[22m function initialized (http://localhost:5001/clone-3ed8f/us-central1/api)."}}
[info] 
┌─────────────────────────────────────────────────────────────┐
│ ✔  All emulators ready! It is now safe to connect your app. │
│ i  View Emulator UI at http://localhost:4000                │
└─────────────────────────────────────────────────────────────┘

┌───────────┬────────────────┬─────────────────────────────────┐
│ Emulator  │ Host:Port      │ View in Emulator UI             │
├───────────┼────────────────┼─────────────────────────────────┤
│ Functions │ localhost:5001 │ http://localhost:4000/functions │
└───────────┴────────────────┴─────────────────────────────────┘
  Emulator Hub running at localhost:4400
  Other reserved ports: 4500

Issues? Report them at https://github.com/firebase/firebase-tools/issues and attach the *-debug.log files.
 
[debug] [2021-01-25T14:38:42.751Z] [worker-~diagnostic~-6afaf7f0-78a5-45cc-b720-7423f04e6058]: IDLE {"metadata":{"emulator":{"name":"functions"},"message":"[worker-~diagnostic~-6afaf7f0-78a5-45cc-b720-7423f04e6058]: IDLE"}}
[debug] [2021-01-25T14:39:22.419Z] [work-queue] {"queueLength":1,"workRunningCount":0}
[debug] [2021-01-25T14:39:22.420Z] [work-queue] {"queueLength":0,"workRunningCount":1}
[debug] [2021-01-25T14:39:22.421Z] Accepted request POST /clone-3ed8f/us-central1/api/payments/create?total=180000 --> api
[debug] [2021-01-25T14:39:22.434Z] [worker-pool] addWorker(api) {"metadata":{"emulator":{"name":"functions"},"message":"[worker-pool] addWorker(api)"}}
[debug] [2021-01-25T14:39:22.435Z] [worker-pool] Adding worker with key api, total=1 {"metadata":{"emulator":{"name":"functions"},"message":"[worker-pool] Adding worker with key api, total=1"}}
[debug] [2021-01-25T14:39:22.435Z] [worker-pool] submitWork(triggerId=api) {"metadata":{"emulator":{"name":"functions"},"message":"[worker-pool] submitWork(triggerId=api)"}}
[debug] [2021-01-25T14:39:22.436Z] [worker-api-b86d8964-ad54-4f1d-99a2-673a6addba05]: Assigning socketPath: \\?\pipe\C:\Users\HP\Desktop\react_hiteshSir\amazon-clone\functions\15232 {"metadata":{"emulator":{"name":"functions"},"message":"[worker-api-b86d8964-ad54-4f1d-99a2-673a6addba05]: Assigning socketPath: \\\\?\\pipe\\C:\\Users\\HP\\Desktop\\react_hiteshSir\\amazon-clone\\functions\\15232"}}
[debug] [2021-01-25T14:39:22.436Z] [worker-api-b86d8964-ad54-4f1d-99a2-673a6addba05]: BUSY {"metadata":{"emulator":{"name":"functions"},"message":"[worker-api-b86d8964-ad54-4f1d-99a2-673a6addba05]: BUSY"}}
[debug] [2021-01-25T14:39:26.224Z] [runtime-status] [15232] Functions runtime initialized. {"cwd":"C:\\Users\\HP\\Desktop\\react_hiteshSir\\amazon-clone\\functions","node_version":"14.6.0"} {"metadata":{"emulator":{"name":"functions"},"function":{"name":"api"},"message":"[runtime-status] [15232] Functions runtime initialized. {\"cwd\":\"C:\\\\Users\\\\HP\\\\Desktop\\\\react_hiteshSir\\\\amazon-clone\\\\functions\",\"node_version\":\"14.6.0\"}"}}
[debug] [2021-01-25T14:39:26.230Z] [runtime-status] [15232] Disabled runtime features: undefined {"metadata":{"emulator":{"name":"functions"},"function":{"name":"api"},"message":"[runtime-status] [15232] Disabled runtime features: undefined"}}
[debug] [2021-01-25T14:39:26.237Z] [runtime-status] [15232] Resolved module firebase-admin {"declared":true,"installed":true,"version":"9.4.2","resolution":"C:\\Users\\HP\\Desktop\\react_hiteshSir\\amazon-clone\\functions\\node_modules\\firebase-admin\\lib\\index.js"} {"metadata":{"emulator":{"name":"functions"},"function":{"name":"api"},"message":"[runtime-status] [15232] Resolved module firebase-admin {\"declared\":true,\"installed\":true,\"version\":\"9.4.2\",\"resolution\":\"C:\\\\Users\\\\HP\\\\Desktop\\\\react_hiteshSir\\\\amazon-clone\\\\functions\\\\node_modules\\\\firebase-admin\\\\lib\\\\index.js\"}"}}
[debug] [2021-01-25T14:39:26.240Z] [runtime-status] [15232] Resolved module firebase-functions {"declared":true,"installed":true,"version":"3.13.1","resolution":"C:\\Users\\HP\\Desktop\\react_hiteshSir\\amazon-clone\\functions\\node_modules\\firebase-functions\\lib\\index.js"} {"metadata":{"emulator":{"name":"functions"},"function":{"name":"api"},"message":"[runtime-status] [15232] Resolved module firebase-functions {\"declared\":true,\"installed\":true,\"version\":\"3.13.1\",\"resolution\":\"C:\\\\Users\\\\HP\\\\Desktop\\\\react_hiteshSir\\\\amazon-clone\\\\functions\\\\node_modules\\\\firebase-functions\\\\lib\\\\index.js\"}"}}
[debug] [2021-01-25T14:39:26.243Z] [runtime-status] [15232] Resolved module firebase-functions {"declared":true,"installed":true,"version":"3.13.1","resolution":"C:\\Users\\HP\\Desktop\\react_hiteshSir\\amazon-clone\\functions\\node_modules\\firebase-functions\\lib\\index.js"} {"metadata":{"emulator":{"name":"functions"},"function":{"name":"api"},"message":"[runtime-status] [15232] Resolved module firebase-functions {\"declared\":true,\"installed\":true,\"version\":\"3.13.1\",\"resolution\":\"C:\\\\Users\\\\HP\\\\Desktop\\\\react_hiteshSir\\\\amazon-clone\\\\functions\\\\node_modules\\\\firebase-functions\\\\lib\\\\index.js\"}"}}
[debug] [2021-01-25T14:39:26.246Z] [runtime-status] [15232] Outgoing network have been stubbed. [{"name":"http","status":"mocked"},{"name":"http","status":"mocked"},{"name":"https","status":"mocked"},{"name":"https","status":"mocked"},{"name":"net","status":"mocked"}] {"metadata":{"emulator":{"name":"functions"},"function":{"name":"api"},"message":"[runtime-status] [15232] Outgoing network have been stubbed. [{\"name\":\"http\",\"status\":\"mocked\"},{\"name\":\"http\",\"status\":\"mocked\"},{\"name\":\"https\",\"status\":\"mocked\"},{\"name\":\"https\",\"status\":\"mocked\"},{\"name\":\"net\",\"status\":\"mocked\"}]"}}
[debug] [2021-01-25T14:39:26.247Z] [runtime-status] [15232] Resolved module firebase-functions {"declared":true,"installed":true,"version":"3.13.1","resolution":"C:\\Users\\HP\\Desktop\\react_hiteshSir\\amazon-clone\\functions\\node_modules\\firebase-functions\\lib\\index.js"} {"metadata":{"emulator":{"name":"functions"},"function":{"name":"api"},"message":"[runtime-status] [15232] Resolved module firebase-functions {\"declared\":true,\"installed\":true,\"version\":\"3.13.1\",\"resolution\":\"C:\\\\Users\\\\HP\\\\Desktop\\\\react_hiteshSir\\\\amazon-clone\\\\functions\\\\node_modules\\\\firebase-functions\\\\lib\\\\index.js\"}"}}
[debug] [2021-01-25T14:39:26.343Z] [runtime-status] [15232] Checked functions.config() {"config":{}} {"metadata":{"emulator":{"name":"functions"},"function":{"name":"api"},"message":"[runtime-status] [15232] Checked functions.config() {\"config\":{}}"}}
[debug] [2021-01-25T14:39:26.344Z] [runtime-status] [15232] firebase-functions has been stubbed. {"functionsResolution":{"declared":true,"installed":true,"version":"3.13.1","resolution":"C:\\Users\\HP\\Desktop\\react_hiteshSir\\amazon-clone\\functions\\node_modules\\firebase-functions\\lib\\index.js"}} {"metadata":{"emulator":{"name":"functions"},"function":{"name":"api"},"message":"[runtime-status] [15232] firebase-functions has been stubbed. {\"functionsResolution\":{\"declared\":true,\"installed\":true,\"version\":\"3.13.1\",\"resolution\":\"C:\\\\Users\\\\HP\\\\Desktop\\\\react_hiteshSir\\\\amazon-clone\\\\functions\\\\node_modules\\\\firebase-functions\\\\lib\\\\index.js\"}}"}}
[debug] [2021-01-25T14:39:26.346Z] [runtime-status] [15232] Resolved module firebase-functions {"declared":true,"installed":true,"version":"3.13.1","resolution":"C:\\Users\\HP\\Desktop\\react_hiteshSir\\amazon-clone\\functions\\node_modules\\firebase-functions\\lib\\index.js"} {"metadata":{"emulator":{"name":"functions"},"function":{"name":"api"},"message":"[runtime-status] [15232] Resolved module firebase-functions {\"declared\":true,\"installed\":true,\"version\":\"3.13.1\",\"resolution\":\"C:\\\\Users\\\\HP\\\\Desktop\\\\react_hiteshSir\\\\amazon-clone\\\\functions\\\\node_modules\\\\firebase-functions\\\\lib\\\\index.js\"}"}}
[debug] [2021-01-25T14:39:26.348Z] [runtime-status] [15232] Resolved module firebase-admin {"declared":true,"installed":true,"version":"9.4.2","resolution":"C:\\Users\\HP\\Desktop\\react_hiteshSir\\amazon-clone\\functions\\node_modules\\firebase-admin\\lib\\index.js"} {"metadata":{"emulator":{"name":"functions"},"function":{"name":"api"},"message":"[runtime-status] [15232] Resolved module firebase-admin {\"declared\":true,\"installed\":true,\"version\":\"9.4.2\",\"resolution\":\"C:\\\\Users\\\\HP\\\\Desktop\\\\react_hiteshSir\\\\amazon-clone\\\\functions\\\\node_modules\\\\firebase-admin\\\\lib\\\\index.js\"}"}}
[debug] [2021-01-25T14:39:26.350Z] [runtime-status] [15232] Resolved module firebase-functions {"declared":true,"installed":true,"version":"3.13.1","resolution":"C:\\Users\\HP\\Desktop\\react_hiteshSir\\amazon-clone\\functions\\node_modules\\firebase-functions\\lib\\index.js"} {"metadata":{"emulator":{"name":"functions"},"function":{"name":"api"},"message":"[runtime-status] [15232] Resolved module firebase-functions {\"declared\":true,\"installed\":true,\"version\":\"3.13.1\",\"resolution\":\"C:\\\\Users\\\\HP\\\\Desktop\\\\react_hiteshSir\\\\amazon-clone\\\\functions\\\\node_modules\\\\firebase-functions\\\\lib\\\\index.js\"}"}}
[debug] [2021-01-25T14:39:26.351Z] [runtime-status] [15232] firebase-admin has been stubbed. {"adminResolution":{"declared":true,"installed":true,"version":"9.4.2","resolution":"C:\\Users\\HP\\Desktop\\react_hiteshSir\\amazon-clone\\functions\\node_modules\\firebase-admin\\lib\\index.js"}} {"metadata":{"emulator":{"name":"functions"},"function":{"name":"api"},"message":"[runtime-status] [15232] firebase-admin has been stubbed. {\"adminResolution\":{\"declared\":true,\"installed\":true,\"version\":\"9.4.2\",\"resolution\":\"C:\\\\Users\\\\HP\\\\Desktop\\\\react_hiteshSir\\\\amazon-clone\\\\functions\\\\node_modules\\\\firebase-admin\\\\lib\\\\index.js\"}}"}}
[debug] [2021-01-25T14:39:27.086Z] [runtime-status] [15232] Trigger "api" has been found, beginning invocation! {"metadata":{"emulator":{"name":"functions"},"function":{"name":"api"},"message":"[runtime-status] [15232] Trigger \"api\" has been found, beginning invocation!"}}
[info] i  functions: Beginning execution of "api" {"metadata":{"emulator":{"name":"functions"},"function":{"name":"api"},"message":"Beginning execution of \"api\""}}
[debug] [2021-01-25T14:39:27.093Z] [runtime-status] [15232] triggerDefinition {"httpsTrigger":{},"name":"api","entryPoint":"api"} {"metadata":{"emulator":{"name":"functions"},"function":{"name":"api"},"message":"[runtime-status] [15232] triggerDefinition {\"httpsTrigger\":{},\"name\":\"api\",\"entryPoint\":\"api\"}"}}
[debug] [2021-01-25T14:39:27.093Z] [runtime-status] [15232] Running api in mode HTTPS {"metadata":{"emulator":{"name":"functions"},"function":{"name":"api"},"message":"[runtime-status] [15232] Running api in mode HTTPS"}}
[debug] [2021-01-25T14:39:27.117Z] [runtime-status] [15232] Attempting to listen to socketPath: \\?\pipe\C:\Users\HP\Desktop\react_hiteshSir\amazon-clone\functions\15232 {"metadata":{"emulator":{"name":"functions"},"function":{"name":"api"},"message":"[runtime-status] [15232] Attempting to listen to socketPath: \\\\?\\pipe\\C:\\Users\\HP\\Desktop\\react_hiteshSir\\amazon-clone\\functions\\15232"}}
[debug] [2021-01-25T14:39:27.124Z] [functions] Runtime ready! Sending request! {"metadata":{"emulator":{"name":"functions"},"message":"[functions] Runtime ready! Sending request!"}}
[debug] [2021-01-25T14:39:27.125Z] [functions] Got req.url=/clone-3ed8f/us-central1/api/payments/create?total=180000, mapping to path=/payments/create?total=180000 {"metadata":{"emulator":{"name":"functions"},"message":"[functions] Got req.url=/clone-3ed8f/us-central1/api/payments/create?total=180000, mapping to path=/payments/create?total=180000"}}
[debug] [2021-01-25T14:39:27.163Z] [runtime-status] [15232] Ephemeral server handling POST request {"metadata":{"emulator":{"name":"functions"},"function":{"name":"api"},"message":"[runtime-status] [15232] Ephemeral server handling POST request"}}
[info] >  Payment Received BOOM >>>>> 180000 {"user":"Payment Received BOOM >>>>> 180000","metadata":{"emulator":{"name":"functions"},"function":{"name":"api"},"message":"\u001b[90m> \u001b[39m Payment Received BOOM >>>>> 180000"}}
[debug] [2021-01-25T14:39:27.303Z] [runtime-status] [15232] Ephemeral server survived. {"metadata":{"emulator":{"name":"functions"},"function":{"name":"api"},"message":"[runtime-status] [15232] Ephemeral server survived."}}
[info] i  functions: Finished "api" in ~1s {"metadata":{"emulator":{"name":"functions"},"function":{"name":"api"},"message":"Finished \"api\" in ~1s"}}
[debug] [2021-01-25T14:39:28.333Z] [worker-api-b86d8964-ad54-4f1d-99a2-673a6addba05]: IDLE {"metadata":{"emulator":{"name":"functions"},"message":"[worker-api-b86d8964-ad54-4f1d-99a2-673a6addba05]: IDLE"}}
[debug] [2021-01-25T14:39:28.335Z] [work-queue] {"queueLength":0,"workRunningCount":0}
[debug] [2021-01-25T14:39:33.697Z] [work-queue] {"queueLength":1,"workRunningCount":0}
[debug] [2021-01-25T14:39:33.698Z] [work-queue] {"queueLength":0,"workRunningCount":1}
[debug] [2021-01-25T14:39:33.698Z] Accepted request POST /clone-3ed8f/us-central1/api/payments/create?total=0 --> api
[debug] [2021-01-25T14:39:33.698Z] [worker-pool] submitWork(triggerId=api) {"metadata":{"emulator":{"name":"functions"},"message":"[worker-pool] submitWork(triggerId=api)"}}
[debug] [2021-01-25T14:39:33.698Z] [worker-api-b86d8964-ad54-4f1d-99a2-673a6addba05]: Assigning socketPath: \\?\pipe\C:\Users\HP\Desktop\react_hiteshSir\amazon-clone\functions\15232 {"metadata":{"emulator":{"name":"functions"},"message":"[worker-api-b86d8964-ad54-4f1d-99a2-673a6addba05]: Assigning socketPath: \\\\?\\pipe\\C:\\Users\\HP\\Desktop\\react_hiteshSir\\amazon-clone\\functions\\15232"}}
[debug] [2021-01-25T14:39:33.698Z] [worker-api-b86d8964-ad54-4f1d-99a2-673a6addba05]: BUSY {"metadata":{"emulator":{"name":"functions"},"message":"[worker-api-b86d8964-ad54-4f1d-99a2-673a6addba05]: BUSY"}}
[debug] [2021-01-25T14:39:33.699Z] [runtime-status] [15232] Trigger "api" has been found, beginning invocation! {"metadata":{"emulator":{"name":"functions"},"function":{"name":"api"},"message":"[runtime-status] [15232] Trigger \"api\" has been found, beginning invocation!"}}
[info] i  functions: Beginning execution of "api" {"metadata":{"emulator":{"name":"functions"},"function":{"name":"api"},"message":"Beginning execution of \"api\""}}
[debug] [2021-01-25T14:39:33.701Z] [runtime-status] [15232] triggerDefinition {"httpsTrigger":{},"name":"api","entryPoint":"api"} {"metadata":{"emulator":{"name":"functions"},"function":{"name":"api"},"message":"[runtime-status] [15232] triggerDefinition {\"httpsTrigger\":{},\"name\":\"api\",\"entryPoint\":\"api\"}"}}
[debug] [2021-01-25T14:39:33.701Z] [runtime-status] [15232] Running api in mode HTTPS {"metadata":{"emulator":{"name":"functions"},"function":{"name":"api"},"message":"[runtime-status] [15232] Running api in mode HTTPS"}}
[debug] [2021-01-25T14:39:33.701Z] [runtime-status] [15232] Attempting to listen to socketPath: \\?\pipe\C:\Users\HP\Desktop\react_hiteshSir\amazon-clone\functions\15232 {"metadata":{"emulator":{"name":"functions"},"function":{"name":"api"},"message":"[runtime-status] [15232] Attempting to listen to socketPath: \\\\?\\pipe\\C:\\Users\\HP\\Desktop\\react_hiteshSir\\amazon-clone\\functions\\15232"}}
[debug] [2021-01-25T14:39:33.703Z] [functions] Runtime ready! Sending request! {"metadata":{"emulator":{"name":"functions"},"message":"[functions] Runtime ready! Sending request!"}}
[debug] [2021-01-25T14:39:33.704Z] [functions] Got req.url=/clone-3ed8f/us-central1/api/payments/create?total=0, mapping to path=/payments/create?total=0 {"metadata":{"emulator":{"name":"functions"},"message":"[functions] Got req.url=/clone-3ed8f/us-central1/api/payments/create?total=0, mapping to path=/payments/create?total=0"}}
[debug] [2021-01-25T14:39:33.708Z] [runtime-status] [15232] Ephemeral server handling POST request {"metadata":{"emulator":{"name":"functions"},"function":{"name":"api"},"message":"[runtime-status] [15232] Ephemeral server handling POST request"}}
[info] >  Payment Received BOOM >>>>> 0 {"user":"Payment Received BOOM >>>>> 0","metadata":{"emulator":{"name":"functions"},"function":{"name":"api"},"message":"\u001b[90m> \u001b[39m Payment Received BOOM >>>>> 0"}}
[debug] [2021-01-25T14:39:33.757Z] [runtime-status] [15232] Ephemeral server survived. {"metadata":{"emulator":{"name":"functions"},"function":{"name":"api"},"message":"[runtime-status] [15232] Ephemeral server survived."}}
[info] >  (node:15232) UnhandledPromiseRejectionWarning: Error: This value must be greater than or equal to 1. {"user":"(node:15232) UnhandledPromiseRejectionWarning: Error: This value must be greater than or equal to 1.","metadata":{"emulator":{"name":"functions"},"function":{"name":"api"},"message":"\u001b[90m> \u001b[39m (node:15232) UnhandledPromiseRejectionWarning: Error: This value must be greater than or equal to 1."}}
[info] >      at Function.generate (C:\Users\HP\Desktop\react_hiteshSir\amazon-clone\functions\node_modules\stripe\lib\Error.js:40:16) {"user":"    at Function.generate (C:\\Users\\HP\\Desktop\\react_hiteshSir\\amazon-clone\\functions\\node_modules\\stripe\\lib\\Error.js:40:16)","metadata":{"emulator":{"name":"functions"},"function":{"name":"api"},"message":"\u001b[90m> \u001b[39m     at Function.generate (C:\\Users\\HP\\Desktop\\react_hiteshSir\\amazon-clone\\functions\\node_modules\\stripe\\lib\\Error.js:40:16)"}}
[info] >      at IncomingMessage.<anonymous> (C:\Users\HP\Desktop\react_hiteshSir\amazon-clone\functions\node_modules\stripe\lib\StripeResource.js:180:33) {"user":"    at IncomingMessage.<anonymous> (C:\\Users\\HP\\Desktop\\react_hiteshSir\\amazon-clone\\functions\\node_modules\\stripe\\lib\\StripeResource.js:180:33)","metadata":{"emulator":{"name":"functions"},"function":{"name":"api"},"message":"\u001b[90m> \u001b[39m     at IncomingMessage.<anonymous> (C:\\Users\\HP\\Desktop\\react_hiteshSir\\amazon-clone\\functions\\node_modules\\stripe\\lib\\StripeResource.js:180:33)"}}
[info] >      at Object.onceWrapper (events.js:420:28) {"user":"    at Object.onceWrapper (events.js:420:28)","metadata":{"emulator":{"name":"functions"},"function":{"name":"api"},"message":"\u001b[90m> \u001b[39m     at Object.onceWrapper (events.js:420:28)"}}
[info] >      at IncomingMessage.emit (events.js:326:22) {"user":"    at IncomingMessage.emit (events.js:326:22)","metadata":{"emulator":{"name":"functions"},"function":{"name":"api"},"message":"\u001b[90m> \u001b[39m     at IncomingMessage.emit (events.js:326:22)"}}
[info] >      at endReadableNT (_stream_readable.js:1244:12) {"user":"    at endReadableNT (_stream_readable.js:1244:12)","metadata":{"emulator":{"name":"functions"},"function":{"name":"api"},"message":"\u001b[90m> \u001b[39m     at endReadableNT (_stream_readable.js:1244:12)"}}
[info] >      at processTicksAndRejections (internal/process/task_queues.js:80:21) {"user":"    at processTicksAndRejections (internal/process/task_queues.js:80:21)","metadata":{"emulator":{"name":"functions"},"function":{"name":"api"},"message":"\u001b[90m> \u001b[39m     at processTicksAndRejections (internal/process/task_queues.js:80:21)"}}
[info] >  (Use `node --trace-warnings ...` to show where the warning was created) {"user":"(Use `node --trace-warnings ...` to show where the warning was created)","metadata":{"emulator":{"name":"functions"},"function":{"name":"api"},"message":"\u001b[90m> \u001b[39m (Use `node --trace-warnings ...` to show where the warning was created)"}}
[info] >  (node:15232) UnhandledPromiseRejectionWarning: Unhandled promise rejection. This error originated either by throwing inside of an async function without a catch block, or by rejecting a promise which was not handled with .catch(). To terminate the node process on unhandled promise rejection, use the CLI flag `--unhandled-rejections=strict` (see https://nodejs.org/api/cli.html#cli_unhandled_rejections_mode). (rejection id: 1) {"user":"(node:15232) UnhandledPromiseRejectionWarning: Unhandled promise rejection. This error originated either by throwing inside of an async function without a catch block, or by rejecting a promise which was not handled with .catch(). To terminate the node process on unhandled promise rejection, use the CLI flag `--unhandled-rejections=strict` (see https://nodejs.org/api/cli.html#cli_unhandled_rejections_mode). (rejection id: 1)","metadata":{"emulator":{"name":"functions"},"function":{"name":"api"},"message":"\u001b[90m> \u001b[39m (node:15232) UnhandledPromiseRejectionWarning: Unhandled promise rejection. This error originated either by throwing inside of an async function without a catch block, or by rejecting a promise which was not handled with .catch(). To terminate the node process on unhandled promise rejection, use the CLI flag `--unhandled-rejections=strict` (see https://nodejs.org/api/cli.html#cli_unhandled_rejections_mode). (rejection id: 1)"}}
[info] >  (node:15232) [DEP0018] DeprecationWarning: Unhandled promise rejections are deprecated. In the future, promise rejections that are not handled will terminate the Node.js process with a non-zero exit code. {"user":"(node:15232) [DEP0018] DeprecationWarning: Unhandled promise rejections are deprecated. In the future, promise rejections that are not handled will terminate the Node.js process with a non-zero exit code.","metadata":{"emulator":{"name":"functions"},"function":{"name":"api"},"message":"\u001b[90m> \u001b[39m (node:15232) [DEP0018] DeprecationWarning: Unhandled promise rejections are deprecated. In the future, promise rejections that are not handled will terminate the Node.js process with a non-zero exit code."}}
[warn] !  functions: Your function timed out after ~60s. To configure this timeout, see
      https://firebase.google.com/docs/functions/manage-functions#set_timeout_and_memory_allocation. {"metadata":{"emulator":{"name":"functions"},"function":{"name":"api"},"message":"Your function timed out after ~60s. To configure this timeout, see\n      https://firebase.google.com/docs/functions/manage-functions#set_timeout_and_memory_allocation."}}
[info] >  C:\Users\HP\AppData\Roaming\npm\node_modules\firebase-tools\lib\emulator\functionsEmulatorRuntime.js:640 {"user":"C:\\Users\\HP\\AppData\\Roaming\\npm\\node_modules\\firebase-tools\\lib\\emulator\\functionsEmulatorRuntime.js:640\r","metadata":{"emulator":{"name":"functions"},"function":{"name":"api"},"message":"\u001b[90m> \u001b[39m C:\\Users\\HP\\AppData\\Roaming\\npm\\node_modules\\firebase-tools\\lib\\emulator\\functionsEmulatorRuntime.js:640\r"}}
[info] >              throw new Error("Function timed out."); {"user":"            throw new Error(\"Function timed out.\");\r","metadata":{"emulator":{"name":"functions"},"function":{"name":"api"},"message":"\u001b[90m> \u001b[39m             throw new Error(\"Function timed out.\");\r"}}
[info] >              ^ {"user":"            ^\r","metadata":{"emulator":{"name":"functions"},"function":{"name":"api"},"message":"\u001b[90m> \u001b[39m             ^\r"}}
[info] >   {"user":"\r","metadata":{"emulator":{"name":"functions"},"function":{"name":"api"},"message":"\u001b[90m> \u001b[39m \r"}}
[info] >  Error: Function timed out. {"user":"Error: Function timed out.\r","metadata":{"emulator":{"name":"functions"},"function":{"name":"api"},"message":"\u001b[90m> \u001b[39m Error: Function timed out.\r"}}
[info] >      at Timeout._onTimeout (C:\Users\HP\AppData\Roaming\npm\node_modules\firebase-tools\lib\emulator\functionsEmulatorRuntime.js:640:19) {"user":"    at Timeout._onTimeout (C:\\Users\\HP\\AppData\\Roaming\\npm\\node_modules\\firebase-tools\\lib\\emulator\\functionsEmulatorRuntime.js:640:19)\r","metadata":{"emulator":{"name":"functions"},"function":{"name":"api"},"message":"\u001b[90m> \u001b[39m     at Timeout._onTimeout (C:\\Users\\HP\\AppData\\Roaming\\npm\\node_modules\\firebase-tools\\lib\\emulator\\functionsEmulatorRuntime.js:640:19)\r"}}
[info] >      at listOnTimeout (internal/timers.js:551:17) {"user":"    at listOnTimeout (internal/timers.js:551:17)\r","metadata":{"emulator":{"name":"functions"},"function":{"name":"api"},"message":"\u001b[90m> \u001b[39m     at listOnTimeout (internal/timers.js:551:17)\r"}}
[info] >      at processTimers (internal/timers.js:494:7) {"user":"    at processTimers (internal/timers.js:494:7)\r","metadata":{"emulator":{"name":"functions"},"function":{"name":"api"},"message":"\u001b[90m> \u001b[39m     at processTimers (internal/timers.js:494:7)\r"}}
[debug] [2021-01-25T14:40:33.908Z] [worker-api-b86d8964-ad54-4f1d-99a2-673a6addba05]: exited {"metadata":{"emulator":{"name":"functions"},"message":"[worker-api-b86d8964-ad54-4f1d-99a2-673a6addba05]: exited"}}
[debug] [2021-01-25T14:40:33.908Z] [worker-api-b86d8964-ad54-4f1d-99a2-673a6addba05]: FINISHED {"metadata":{"emulator":{"name":"functions"},"message":"[worker-api-b86d8964-ad54-4f1d-99a2-673a6addba05]: FINISHED"}}
[debug] [2021-01-25T14:40:33.908Z] [work-queue] {"queueLength":0,"workRunningCount":0}
[debug] [2021-01-25T15:43:20.330Z] [worker-~diagnostic~-6afaf7f0-78a5-45cc-b720-7423f04e6058]: exited {"metadata":{"emulator":{"name":"functions"},"message":"[worker-~diagnostic~-6afaf7f0-78a5-45cc-b720-7423f04e6058]: exited"}}
[debug] [2021-01-26T05:02:36.748Z] ----------------------------------------------------------------------
[debug] [2021-01-26T05:02:36.873Z] Command:       C:\Program Files\nodejs\node.exe C:\Users\HP\AppData\Roaming\npm\node_modules\firebase-tools\lib\bin\firebase.js emulators:start
[debug] [2021-01-26T05:02:36.874Z] CLI Version:   9.2.2
[debug] [2021-01-26T05:02:36.875Z] Platform:      win32
[debug] [2021-01-26T05:02:36.875Z] Node Version:  v14.6.0
[debug] [2021-01-26T05:02:37.356Z] Time:          Tue Jan 26 2021 10:32:36 GMT+0530 (India Standard Time)
[debug] [2021-01-26T05:02:37.357Z] ----------------------------------------------------------------------
[debug] [2021-01-26T05:02:37.358Z] 
[debug] [2021-01-26T05:02:38.009Z] > command requires scopes: ["email","openid","https://www.googleapis.com/auth/cloudplatformprojects.readonly","https://www.googleapis.com/auth/firebase","https://www.googleapis.com/auth/cloud-platform"]
[debug] [2021-01-26T05:02:38.010Z] > authorizing via signed-in user
[info] i  emulators: Starting emulators: functions {"metadata":{"emulator":{"name":"hub"},"message":"Starting emulators: functions"}}
[warn] !  emulators: It seems that you are running multiple instances of the emulator suite for project clone-3ed8f. This may result in unexpected behavior. 
[debug] [2021-01-26T05:02:41.102Z] [hub] writing locator at C:\Users\HP\AppData\Local\Temp\hub-clone-3ed8f.json
[warn] !  functions: The following emulators are not running, calls to these services from the Functions emulator will affect production: auth, firestore, database, hosting, pubsub {"metadata":{"emulator":{"name":"functions"},"message":"The following emulators are not running, calls to these services from the Functions emulator will affect production: \u001b[1mauth, firestore, database, hosting, pubsub\u001b[22m"}}
[warn] !  Your requested "node" version "12" doesn't match your global version "14" {"metadata":{"emulator":{"name":"functions"},"message":"Your requested \"node\" version \"12\" doesn't match your global version \"14\""}}
[debug] [2021-01-26T05:02:45.743Z] defaultcredentials: writing to file C:\Users\HP\AppData\Roaming\firebase\manishmahto198_gmail_com_application_default_credentials.json
[debug] [2021-01-26T05:02:46.091Z] Setting GAC to C:\Users\HP\AppData\Roaming\firebase\manishmahto198_gmail_com_application_default_credentials.json {"metadata":{"emulator":{"name":"functions"},"message":"Setting GAC to C:\\Users\\HP\\AppData\\Roaming\\firebase\\manishmahto198_gmail_com_application_default_credentials.json"}}
[debug] [2021-01-26T05:02:46.102Z] > refreshing access token with scopes: []
[debug] [2021-01-26T05:02:46.106Z] >>> HTTP REQUEST POST https://www.googleapis.com/oauth2/v3/token  
 <request body omitted>
[debug] [2021-01-26T05:02:46.293Z] <<< HTTP RESPONSE 200 {"date":"Tue, 26 Jan 2021 05:02:46 GMT","expires":"Mon, 01 Jan 1990 00:00:00 GMT","pragma":"no-cache","cache-control":"no-cache, no-store, max-age=0, must-revalidate","content-type":"application/json; charset=utf-8","vary":"X-Origin, Referer, Origin,Accept-Encoding","server":"scaffolding on HTTPServer2","x-xss-protection":"0","x-frame-options":"SAMEORIGIN","x-content-type-options":"nosniff","alt-svc":"h3-29=\":443\"; ma=2592000,h3-T051=\":443\"; ma=2592000,h3-Q050=\":443\"; ma=2592000,h3-Q046=\":443\"; ma=2592000,h3-Q043=\":443\"; ma=2592000,quic=\":443\"; ma=2592000; v=\"46,43\"","accept-ranges":"none","transfer-encoding":"chunked"}
[debug] [2021-01-26T05:02:47.517Z] >>> [apiv2][query] GET https://firebase.googleapis.com/v1beta1/projects/clone-3ed8f/adminSdkConfig [none]
[debug] [2021-01-26T05:02:49.049Z] <<< [apiv2][status] GET https://firebase.googleapis.com/v1beta1/projects/clone-3ed8f/adminSdkConfig 200
[debug] [2021-01-26T05:02:49.050Z] <<< [apiv2][body] GET https://firebase.googleapis.com/v1beta1/projects/clone-3ed8f/adminSdkConfig {"projectId":"clone-3ed8f","storageBucket":"clone-3ed8f.appspot.com","locationId":"us-central"}
[debug] [2021-01-26T05:02:53.798Z] Ignoring unsupported arg: auto_download {"metadata":{"emulator":{"name":"ui"},"message":"Ignoring unsupported arg: auto_download"}}
[debug] [2021-01-26T05:02:53.800Z] Ignoring unsupported arg: port {"metadata":{"emulator":{"name":"ui"},"message":"Ignoring unsupported arg: port"}}
[debug] [2021-01-26T05:02:53.801Z] Starting Emulator UI with command {"binary":"node","args":["C:\\Users\\HP\\.cache\\firebase\\emulators\\ui-v1.4.1\\server.bundle.js"],"optionalArgs":[],"joinArgs":false} {"metadata":{"emulator":{"name":"ui"},"message":"Starting Emulator UI with command {\"binary\":\"node\",\"args\":[\"C:\\\\Users\\\\HP\\\\.cache\\\\firebase\\\\emulators\\\\ui-v1.4.1\\\\server.bundle.js\"],\"optionalArgs\":[],\"joinArgs\":false}"}}
[info] i  ui: Emulator UI logging to ui-debug.log {"metadata":{"emulator":{"name":"ui"},"message":"Emulator UI logging to \u001b[1mui-debug.log\u001b[22m"}}
[debug] [2021-01-26T05:03:05.642Z] Web / API server started at http://localhost:4000
 {"metadata":{"emulator":{"name":"ui"},"message":"Web / API server started at http://localhost:4000\n"}}
[info] i  functions: Watching "C:\Users\HP\Desktop\react_hiteshSir\amazon-clone\functions" for Cloud Functions... {"metadata":{"emulator":{"name":"functions"},"message":"Watching \"C:\\Users\\HP\\Desktop\\react_hiteshSir\\amazon-clone\\functions\" for Cloud Functions..."}}
[debug] [2021-01-26T05:03:07.454Z] [worker-pool] addWorker(~diagnostic~) {"metadata":{"emulator":{"name":"functions"},"message":"[worker-pool] addWorker(~diagnostic~)"}}
[debug] [2021-01-26T05:03:07.455Z] [worker-pool] Adding worker with key ~diagnostic~, total=1 {"metadata":{"emulator":{"name":"functions"},"message":"[worker-pool] Adding worker with key ~diagnostic~, total=1"}}
[debug] [2021-01-26T05:03:07.456Z] [worker-pool] submitWork(triggerId=) {"metadata":{"emulator":{"name":"functions"},"message":"[worker-pool] submitWork(triggerId=)"}}
[debug] [2021-01-26T05:03:07.457Z] [worker-~diagnostic~-28e7cf4b-5abe-478f-9217-0c03beb6b393]: Assigning socketPath: \\?\pipe\C:\Users\HP\Desktop\react_hiteshSir\amazon-clone\functions\18792 {"metadata":{"emulator":{"name":"functions"},"message":"[worker-~diagnostic~-28e7cf4b-5abe-478f-9217-0c03beb6b393]: Assigning socketPath: \\\\?\\pipe\\C:\\Users\\HP\\Desktop\\react_hiteshSir\\amazon-clone\\functions\\18792"}}
[debug] [2021-01-26T05:03:07.457Z] [worker-~diagnostic~-28e7cf4b-5abe-478f-9217-0c03beb6b393]: BUSY {"metadata":{"emulator":{"name":"functions"},"message":"[worker-~diagnostic~-28e7cf4b-5abe-478f-9217-0c03beb6b393]: BUSY"}}
[debug] [2021-01-26T05:03:30.336Z] [runtime-status] [18792] Functions runtime initialized. {"cwd":"C:\\Users\\HP\\Desktop\\react_hiteshSir\\amazon-clone\\functions","node_version":"14.6.0"} {"metadata":{"emulator":{"name":"functions"},"message":"[runtime-status] [18792] Functions runtime initialized. {\"cwd\":\"C:\\\\Users\\\\HP\\\\Desktop\\\\react_hiteshSir\\\\amazon-clone\\\\functions\",\"node_version\":\"14.6.0\"}"}}
[debug] [2021-01-26T05:03:30.340Z] [runtime-status] [18792] Disabled runtime features: undefined {"metadata":{"emulator":{"name":"functions"},"message":"[runtime-status] [18792] Disabled runtime features: undefined"}}
[debug] [2021-01-26T05:03:30.801Z] [runtime-status] [18792] Resolved module firebase-admin {"declared":true,"installed":true,"version":"9.4.2","resolution":"C:\\Users\\HP\\Desktop\\react_hiteshSir\\amazon-clone\\functions\\node_modules\\firebase-admin\\lib\\index.js"} {"metadata":{"emulator":{"name":"functions"},"message":"[runtime-status] [18792] Resolved module firebase-admin {\"declared\":true,\"installed\":true,\"version\":\"9.4.2\",\"resolution\":\"C:\\\\Users\\\\HP\\\\Desktop\\\\react_hiteshSir\\\\amazon-clone\\\\functions\\\\node_modules\\\\firebase-admin\\\\lib\\\\index.js\"}"}}
[debug] [2021-01-26T05:03:31.054Z] [runtime-status] [18792] Resolved module firebase-functions {"declared":true,"installed":true,"version":"3.13.1","resolution":"C:\\Users\\HP\\Desktop\\react_hiteshSir\\amazon-clone\\functions\\node_modules\\firebase-functions\\lib\\index.js"} {"metadata":{"emulator":{"name":"functions"},"message":"[runtime-status] [18792] Resolved module firebase-functions {\"declared\":true,\"installed\":true,\"version\":\"3.13.1\",\"resolution\":\"C:\\\\Users\\\\HP\\\\Desktop\\\\react_hiteshSir\\\\amazon-clone\\\\functions\\\\node_modules\\\\firebase-functions\\\\lib\\\\index.js\"}"}}
[debug] [2021-01-26T05:03:31.059Z] [runtime-status] [18792] Resolved module firebase-functions {"declared":true,"installed":true,"version":"3.13.1","resolution":"C:\\Users\\HP\\Desktop\\react_hiteshSir\\amazon-clone\\functions\\node_modules\\firebase-functions\\lib\\index.js"} {"metadata":{"emulator":{"name":"functions"},"message":"[runtime-status] [18792] Resolved module firebase-functions {\"declared\":true,\"installed\":true,\"version\":\"3.13.1\",\"resolution\":\"C:\\\\Users\\\\HP\\\\Desktop\\\\react_hiteshSir\\\\amazon-clone\\\\functions\\\\node_modules\\\\firebase-functions\\\\lib\\\\index.js\"}"}}
[debug] [2021-01-26T05:03:31.065Z] [runtime-status] [18792] Outgoing network have been stubbed. [{"name":"http","status":"mocked"},{"name":"http","status":"mocked"},{"name":"https","status":"mocked"},{"name":"https","status":"mocked"},{"name":"net","status":"mocked"}] {"metadata":{"emulator":{"name":"functions"},"message":"[runtime-status] [18792] Outgoing network have been stubbed. [{\"name\":\"http\",\"status\":\"mocked\"},{\"name\":\"http\",\"status\":\"mocked\"},{\"name\":\"https\",\"status\":\"mocked\"},{\"name\":\"https\",\"status\":\"mocked\"},{\"name\":\"net\",\"status\":\"mocked\"}]"}}
[debug] [2021-01-26T05:03:31.068Z] [runtime-status] [18792] Resolved module firebase-functions {"declared":true,"installed":true,"version":"3.13.1","resolution":"C:\\Users\\HP\\Desktop\\react_hiteshSir\\amazon-clone\\functions\\node_modules\\firebase-functions\\lib\\index.js"} {"metadata":{"emulator":{"name":"functions"},"message":"[runtime-status] [18792] Resolved module firebase-functions {\"declared\":true,\"installed\":true,\"version\":\"3.13.1\",\"resolution\":\"C:\\\\Users\\\\HP\\\\Desktop\\\\react_hiteshSir\\\\amazon-clone\\\\functions\\\\node_modules\\\\firebase-functions\\\\lib\\\\index.js\"}"}}
[debug] [2021-01-26T05:03:39.313Z] [runtime-status] [18792] Checked functions.config() {"config":{}} {"metadata":{"emulator":{"name":"functions"},"message":"[runtime-status] [18792] Checked functions.config() {\"config\":{}}"}}
[debug] [2021-01-26T05:03:39.315Z] [runtime-status] [18792] firebase-functions has been stubbed. {"functionsResolution":{"declared":true,"installed":true,"version":"3.13.1","resolution":"C:\\Users\\HP\\Desktop\\react_hiteshSir\\amazon-clone\\functions\\node_modules\\firebase-functions\\lib\\index.js"}} {"metadata":{"emulator":{"name":"functions"},"message":"[runtime-status] [18792] firebase-functions has been stubbed. {\"functionsResolution\":{\"declared\":true,\"installed\":true,\"version\":\"3.13.1\",\"resolution\":\"C:\\\\Users\\\\HP\\\\Desktop\\\\react_hiteshSir\\\\amazon-clone\\\\functions\\\\node_modules\\\\firebase-functions\\\\lib\\\\index.js\"}}"}}
[debug] [2021-01-26T05:03:39.318Z] [runtime-status] [18792] Resolved module firebase-functions {"declared":true,"installed":true,"version":"3.13.1","resolution":"C:\\Users\\HP\\Desktop\\react_hiteshSir\\amazon-clone\\functions\\node_modules\\firebase-functions\\lib\\index.js"} {"metadata":{"emulator":{"name":"functions"},"message":"[runtime-status] [18792] Resolved module firebase-functions {\"declared\":true,\"installed\":true,\"version\":\"3.13.1\",\"resolution\":\"C:\\\\Users\\\\HP\\\\Desktop\\\\react_hiteshSir\\\\amazon-clone\\\\functions\\\\node_modules\\\\firebase-functions\\\\lib\\\\index.js\"}"}}
[debug] [2021-01-26T05:03:39.322Z] [runtime-status] [18792] Resolved module firebase-admin {"declared":true,"installed":true,"version":"9.4.2","resolution":"C:\\Users\\HP\\Desktop\\react_hiteshSir\\amazon-clone\\functions\\node_modules\\firebase-admin\\lib\\index.js"} {"metadata":{"emulator":{"name":"functions"},"message":"[runtime-status] [18792] Resolved module firebase-admin {\"declared\":true,\"installed\":true,\"version\":\"9.4.2\",\"resolution\":\"C:\\\\Users\\\\HP\\\\Desktop\\\\react_hiteshSir\\\\amazon-clone\\\\functions\\\\node_modules\\\\firebase-admin\\\\lib\\\\index.js\"}"}}
[debug] [2021-01-26T05:03:39.323Z] [runtime-status] [18792] Resolved module firebase-functions {"declared":true,"installed":true,"version":"3.13.1","resolution":"C:\\Users\\HP\\Desktop\\react_hiteshSir\\amazon-clone\\functions\\node_modules\\firebase-functions\\lib\\index.js"} {"metadata":{"emulator":{"name":"functions"},"message":"[runtime-status] [18792] Resolved module firebase-functions {\"declared\":true,\"installed\":true,\"version\":\"3.13.1\",\"resolution\":\"C:\\\\Users\\\\HP\\\\Desktop\\\\react_hiteshSir\\\\amazon-clone\\\\functions\\\\node_modules\\\\firebase-functions\\\\lib\\\\index.js\"}"}}
[debug] [2021-01-26T05:03:39.324Z] [runtime-status] [18792] firebase-admin has been stubbed. {"adminResolution":{"declared":true,"installed":true,"version":"9.4.2","resolution":"C:\\Users\\HP\\Desktop\\react_hiteshSir\\amazon-clone\\functions\\node_modules\\firebase-admin\\lib\\index.js"}} {"metadata":{"emulator":{"name":"functions"},"message":"[runtime-status] [18792] firebase-admin has been stubbed. {\"adminResolution\":{\"declared\":true,\"installed\":true,\"version\":\"9.4.2\",\"resolution\":\"C:\\\\Users\\\\HP\\\\Desktop\\\\react_hiteshSir\\\\amazon-clone\\\\functions\\\\node_modules\\\\firebase-admin\\\\lib\\\\index.js\"}}"}}
